-8.000010 25.000000 0.000000 -10.083344 25.333334 0.000000 -15.046645 25.666668 0.000000 
-4.346010 26.000002 0.000000 -10.333341 26.333336 0.000000 -17.795212 26.666670 0.000000 
-2.597158 27.000004 0.000000 -10.583337 27.333338 0.000000 -19.324482 27.666672 0.000000 
-1.823745 28.000006 0.000000 -10.833336 28.333340 0.000000 -20.229467 28.666674 0.000000 
-1.549758 29.000008 0.000000 -11.083335 29.333342 0.000000 -20.814821 29.666676 0.000000 
-1.531477 30.000010 0.000000 -11.333334 30.333344 0.000000 -21.236525 30.666677 0.000000 
-1.644117 31.000011 0.000000 -11.583333 31.333345 0.000000 -21.574434 31.666677 0.000000 
-1.823789 32.000011 0.000000 -11.833332 32.333344 0.000000 -21.869444 32.666676 0.000000 
-2.037780 33.000008 0.000000 -12.083332 33.333340 0.000000 -22.136446 33.666672 0.000000 
-2.272669 34.000004 0.000000 -12.333334 34.333336 0.000000 -22.409113 34.666668 0.000000 
-2.500001 35.000000 0.000000 -12.583336 35.333332 0.000000 -22.681780 35.666664 0.000000 
-2.727334 35.999996 0.000000 -12.833338 36.333328 0.000000 -22.954447 36.666660 0.000000 
-2.954666 36.999992 0.000000 -13.083340 37.333324 0.000000 -23.227114 37.666656 0.000000 
-3.181999 37.999989 0.000000 -13.333342 38.333321 0.000000 -23.499781 38.666653 0.000000 
-3.409332 38.999985 0.000000 -13.583344 39.333317 0.000000 -23.772448 39.666649 0.000000 
-3.636664 39.999981 0.000000 -13.833345 40.333313 0.000000 -24.045115 40.666645 0.000000 
-3.863997 40.999977 0.000000 -14.083347 41.333309 0.000000 -24.317781 41.666641 0.000000 
-4.091329 41.999973 0.000000 -14.333349 42.333305 0.000000 -24.590448 42.666637 0.000000 
-4.318662 42.999969 0.000000 -14.583351 43.333302 0.000000 -24.863115 43.666634 0.000000 
-4.545994 43.999966 0.000000 -14.833353 44.333298 0.000000 -25.135782 44.666630 0.000000 
-4.773327 44.999962 0.000000 -15.083355 45.333294 0.000000 -25.408449 45.666626 0.000000 
-5.000659 45.999958 0.000000 -15.333357 46.333290 0.000000 -25.681116 46.666622 0.000000 
-5.227992 46.999954 0.000000 -15.583359 47.333286 0.000000 -25.953783 47.666618 0.000000 
-5.455325 47.999950 0.000000 -15.833361 48.333282 0.000000 -26.226450 48.666615 0.000000 
-5.682657 48.999947 0.000000 -16.083363 49.333279 0.000000 -26.499117 49.666611 0.000000 
-5.909990 49.999943 0.000000 -16.333364 50.333275 0.000000 -26.771784 50.666607 0.000000 
-6.137322 50.999939 0.000000 -16.583366 51.333271 0.000000 -27.044451 51.666603 0.000000 
-6.364655 51.999935 0.000000 -16.833368 52.333267 0.000000 -27.317118 52.666599 0.000000 
-6.591988 52.999931 0.000000 -17.083370 53.333263 0.000000 -27.589785 53.666595 0.000000 
-6.819320 53.999928 0.000000 -17.333372 54.333260 0.000000 -27.862452 54.666592 0.000000 
-7.046653 54.999924 0.000000 -17.583374 55.333256 0.000000 -28.135118 55.666588 0.000000 
-7.273985 55.999920 0.000000 -17.833376 56.333252 0.000000 -28.407785 56.666584 0.000000 
-7.501318 56.999916 0.000000 -18.083378 57.333248 0.000000 -28.680452 57.666580 0.000000 
-7.728651 57.999912 0.000000 -18.333380 58.333244 0.000000 -28.953119 58.666576 0.000000 
-7.955983 58.999908 0.000000 -18.583382 59.333241 0.000000 -29.225786 59.666573 0.000000 
-8.183314 59.999905 0.000000 -18.833384 60.333237 0.000000 -29.498453 60.666569 0.000000 
-8.410645 60.999901 0.000000 -19.083385 61.333233 0.000000 -29.771120 61.666565 0.000000 
-8.637977 61.999897 0.000000 -19.333387 62.333229 0.000000 -30.043787 62.666561 0.000000 
-8.865308 62.999893 0.000000 -19.583389 63.333225 0.000000 -30.316454 63.666557 0.000000 
-9.092639 63.999889 0.000000 -19.833391 64.333221 0.000000 -30.589121 64.666557 0.000000 
-9.319970 64.999893 0.000000 -20.083393 65.333229 0.000000 -30.861788 65.666565 0.000000 
-9.547301 65.999901 0.000000 -20.333395 66.333237 0.000000 -31.134455 66.666573 0.000000 
-9.774632 66.999908 0.000000 -20.583397 67.333244 0.000000 -31.407122 67.666580 0.000000 
-10.001964 67.999916 0.000000 -20.833399 68.333252 0.000000 -31.679789 68.666588 0.000000 
-10.229295 68.999924 0.000000 -21.083401 69.333260 0.000000 -31.952454 69.666595 0.000000 
-10.456626 69.999931 0.000000 -21.333403 70.333267 0.000000 -32.225121 70.666603 0.000000 
-10.683957 70.999939 0.000000 -21.583405 71.333275 0.000000 -32.497787 71.666611 0.000000 
-10.911288 71.999947 0.000000 -21.833406 72.333282 0.000000 -32.770454 72.666618 0.000000 
-11.138619 72.999954 0.000000 -22.083408 73.333290 0.000000 -33.043121 73.666626 0.000000 
-11.365951 73.999962 0.000000 -22.333410 74.333298 0.000000 -33.315788 74.666634 0.000000 
-11.593282 74.999969 0.000000 -22.583412 75.333305 0.000000 -33.588455 75.666641 0.000000 
-11.820613 75.999977 0.000000 -22.833414 76.333313 0.000000 -33.861122 76.666649 0.000000 
-12.047944 76.999985 0.000000 -23.083416 77.333321 0.000000 -34.133789 77.666656 0.000000 
-12.275275 77.999992 0.000000 -23.333418 78.333328 0.000000 -34.406456 78.666664 0.000000 
-12.502606 79.000000 0.000000 -23.583420 79.333336 0.000000 -34.679123 79.666672 0.000000 
-12.729938 80.000008 0.000000 -23.833422 80.333344 0.000000 -34.951790 80.666679 0.000000 
-12.957269 81.000015 0.000000 -24.083424 81.333351 0.000000 -35.224457 81.666687 0.000000 
-13.184600 82.000023 0.000000 -24.333426 82.333359 0.000000 -35.497124 82.666695 0.000000 
-13.411931 83.000031 0.000000 -24.583427 83.333366 0.000000 -35.769791 83.666702 0.000000 
-13.639262 84.000038 0.000000 -24.833429 84.333374 0.000000 -36.042458 84.666710 0.000000 
-13.866593 85.000046 0.000000 -25.083431 85.333382 0.000000 -36.315125 85.666718 0.000000 
-14.093925 86.000053 0.000000 -25.333433 86.333389 0.000000 -36.587791 86.666725 0.000000 
-14.321256 87.000061 0.000000 -25.583435 87.333397 0.000000 -36.860458 87.666733 0.000000 
-14.548587 88.000069 0.000000 -25.833437 88.333405 0.000000 -37.133125 88.666740 0.000000 
-14.775918 89.000076 0.000000 -26.083439 89.333412 0.000000 -37.405792 89.666748 0.000000 
-15.003249 90.000084 0.000000 -26.333441 90.333420 0.000000 -37.678459 90.666756 0.000000 
-15.230580 91.000092 0.000000 -26.583443 91.333427 0.000000 -37.951126 91.666763 0.000000 
-15.457911 92.000099 0.000000 -26.833445 92.333435 0.000000 -38.223793 92.666771 0.000000 
-15.685243 93.000107 0.000000 -27.083447 93.333443 0.000000 -38.496460 93.666779 0.000000 
-15.912574 94.000114 0.000000 -27.309639 93.666756 0.000000 -38.717194 93.333397 0.000000 
-16.074955 93.000038 0.000000 -27.488213 92.666679 0.000000 -38.911961 92.333321 0.000000 
-16.237335 91.999962 0.000000 -27.666786 91.666603 0.000000 -39.106728 91.333244 0.000000 
-16.399715 90.999886 0.000000 -27.845360 90.666527 0.000000 -39.301495 90.333168 0.000000 
-16.562096 89.999809 0.000000 -28.023933 89.666451 0.000000 -39.496262 89.333092 0.000000 
-16.724476 88.999733 0.000000 -28.202507 88.666374 0.000000 -39.691029 88.333015 0.000000 
-16.886856 87.999657 0.000000 -28.381081 87.666298 0.000000 -39.885796 87.332939 0.000000 
-17.049236 86.999580 0.000000 -28.559654 86.666222 0.000000 -40.080563 86.332863 0.000000 
-17.211617 85.999504 0.000000 -28.738228 85.666145 0.000000 -40.275330 85.332787 0.000000 
-17.373997 84.999428 0.000000 -28.916801 84.666069 0.000000 -40.470097 84.332710 0.000000 
-17.536377 83.999352 0.000000 -29.095375 83.665993 0.000000 -40.664864 83.332634 0.000000 
-17.698757 82.999275 0.000000 -29.273949 82.665916 0.000000 -40.859631 82.332558 0.000000 
-17.861137 81.999199 0.000000 -29.452522 81.665840 0.000000 -41.054398 81.332481 0.000000 
-18.023518 80.999123 0.000000 -29.631096 80.665764 0.000000 -41.249165 80.332405 0.000000 
-18.185898 79.999046 0.000000 -29.809669 79.665688 0.000000 -41.443932 79.332329 0.000000 
-18.348278 78.998970 0.000000 -29.988243 78.665611 0.000000 -41.638699 78.332253 0.000000 
-18.510658 77.998894 0.000000 -30.166817 77.665535 0.000000 -41.833466 77.332176 0.000000 
-18.673038 76.998817 0.000000 -30.345390 76.665459 0.000000 -42.028233 76.332100 0.000000 
-18.835419 75.998741 0.000000 -30.523964 75.665382 0.000000 -42.223000 75.332024 0.000000 
-18.997799 74.998665 0.000000 -30.702538 74.665306 0.000000 -42.417767 74.331947 0.000000 
-19.160179 73.998589 0.000000 -30.881111 73.665230 0.000000 -42.612534 73.331871 0.000000 
-19.322559 72.998512 0.000000 -31.059685 72.665154 0.000000 -42.807301 72.331795 0.000000 
-19.484940 71.998436 0.000000 -31.238258 71.665077 0.000000 -43.002068 71.331718 0.000000 
-19.647320 70.998360 0.000000 -31.416832 70.665001 0.000000 -43.196835 70.331642 0.000000 
-19.809700 69.998283 0.000000 -31.595406 69.664925 0.000000 -43.391602 69.331566 0.000000 
-19.972080 68.998207 0.000000 -31.773979 68.664848 0.000000 -43.586369 68.331490 0.000000 
-20.134460 67.998131 0.000000 -31.952553 67.664772 0.000000 -43.781136 67.331413 0.000000 
-20.296841 66.998055 0.000000 -32.131126 66.664696 0.000000 -43.935078 66.341545 0.000000 
-20.459221 65.997978 0.000000 -32.309700 65.664619 0.000000 -43.983273 65.404144 0.000000 
-20.621601 64.997902 0.000000 -32.488274 64.664543 0.000000 -43.994617 64.483063 0.000000 
-20.783981 63.997829 0.000000 -32.666847 63.664474 0.000000 -43.998592 63.569035 0.000000 
-20.946362 62.997765 0.000000 -32.845421 62.664410 0.000000 -43.999668 62.656326 0.000000 
-21.108742 61.997700 0.000000 -33.023994 61.664345 0.000000 -43.999916 61.744038 0.000000 
-21.271122 60.997635 0.000000 -33.202568 60.664280 0.000000 -43.999928 60.831890 0.000000 
-21.433502 59.997570 0.000000 -33.381142 59.664215 0.000000 -43.999939 59.919857 0.000000 
-21.595882 58.997505 0.000000 -33.559715 58.664150 0.000000 -43.999950 59.007893 0.000000 
-21.758263 57.997440 0.000000 -33.738289 57.664085 0.000000 -43.999962 58.095970 0.000000 
-21.920643 56.997375 0.000000 -33.916862 56.664021 0.000000 -43.999973 57.184074 0.000000 
-22.083023 55.997311 0.000000 -34.090103 55.663464 0.000000 -44.005329 56.335354 0.000000 
-22.245403 54.997246 0.000000 -33.955536 54.552200 0.000000 -44.002197 55.615437 0.000000 
-22.407784 53.997181 0.000000 -33.821148 53.439034 0.000000 -43.998993 54.897667 0.000000 
-22.570164 52.997116 0.000000 -33.686760 52.325867 0.000000 -43.995789 54.180744 0.000000 
-22.732544 51.997051 0.000000 -33.552372 51.212700 0.000000 -43.992584 53.464336 0.000000 
-22.894924 50.996986 0.000000 -33.417984 50.099533 0.000000 -43.989380 52.748249 0.000000 
-23.057304 49.996922 0.000000 -33.283596 48.986366 0.000000 -43.986176 52.032360 0.000000 
-23.219685 48.996857 0.000000 -33.158482 47.872456 0.000000 -43.982971 51.316586 0.000000 
-23.179304 47.976593 0.000000 -33.314026 46.786922 0.000000 -43.979767 50.600887 0.000000 
-23.052361 46.956444 0.000000 -33.468967 45.693829 0.000000 -43.976562 49.885231 0.000000 
-22.925417 45.936295 0.000000 -33.623909 44.600735 0.000000 -43.973358 49.169605 0.000000 
-22.798473 44.916145 0.000000 -33.778851 43.507641 0.000000 -43.970154 48.453999 0.000000 
-22.671530 43.895996 0.000000 -33.933792 42.414547 0.000000 -43.966949 47.738400 0.000000 
-22.544586 42.875847 0.000000 -34.088734 41.321453 0.000000 -43.963745 47.022808 0.000000 
-22.417643 41.855698 0.000000 -34.243675 40.228359 0.000000 -43.960541 46.307220 0.000000 
-22.290699 40.835548 0.000000 -34.398617 39.135265 0.000000 -43.957336 45.591633 0.000000 
-22.163755 39.815399 0.000000 -34.553558 38.042171 0.000000 -43.954132 44.876045 0.000000 
-22.036812 38.795250 0.000000 -34.708500 36.949078 0.000000 -43.950928 44.160458 0.000000 
-21.909868 37.775101 0.000000 -34.863441 35.855984 0.000000 -43.947723 43.444870 0.000000 
-21.782925 36.754951 0.000000 -35.018383 34.762890 0.000000 -43.944519 42.729282 0.000000 
-21.655981 35.734802 0.000000 -35.173325 33.669796 0.000000 -43.941315 42.013695 0.000000 
-21.529037 34.714653 0.000000 -35.328266 32.576702 0.000000 -43.938110 41.298111 0.000000 
-21.402094 33.694504 0.000000 -35.483208 31.483608 0.000000 -43.934906 40.582535 0.000000 
-21.275150 32.674355 0.000000 -35.638149 30.390514 0.000000 -43.931702 39.866959 0.000000 
-21.148207 31.654205 0.000000 -35.793091 29.297421 0.000000 -43.928497 39.151382 0.000000 
-21.021263 30.634056 0.000000 -35.948032 28.204327 0.000000 -43.925293 38.435806 0.000000 
-20.894320 29.613907 0.000000 -36.102974 27.111233 0.000000 -43.922089 37.720230 0.000000 
-20.767376 28.593758 0.000000 -36.257915 26.018139 0.000000 -43.918884 37.004654 0.000000 
-20.640432 27.573608 0.000000 -36.412857 24.925045 0.000000 -43.915680 36.289078 0.000000 
-20.513489 26.553459 0.000000 -36.567799 23.831951 0.000000 -43.912476 35.573502 0.000000 
-20.386545 25.533310 0.000000 -36.722740 22.738857 0.000000 -43.909271 34.857925 0.000000 
-20.259602 24.513161 0.000000 -36.877682 21.645763 0.000000 -43.906067 34.142349 0.000000 
-20.132658 23.493011 0.000000 -37.032623 20.552670 0.000000 -43.902863 33.426773 0.000000 
-20.005714 22.472862 0.000000 -37.187565 19.459576 0.000000 -43.899658 32.711197 0.000000 
-19.878771 21.452713 0.000000 -37.342506 18.366482 0.000000 -43.896454 31.995619 0.000000 
-19.751827 20.432564 0.000000 -37.497448 17.273388 0.000000 -43.893250 31.280037 0.000000 
-19.624884 19.412415 0.000000 -37.652390 16.180294 0.000000 -43.890045 30.564455 0.000000 
-19.497940 18.392265 0.000000 -37.807331 15.087203 0.000000 -43.886841 29.848873 0.000000 
-19.370996 17.372116 0.000000 -37.962273 13.994112 0.000000 -43.883636 29.133291 0.000000 
-19.244053 16.351967 0.000000 -38.117214 12.901021 0.000000 -43.880432 28.417709 0.000000 
-19.117109 15.331818 0.000000 -38.272156 11.807930 0.000000 -43.877228 27.702127 0.000000 
-18.990166 14.311668 0.000000 -38.427097 10.714839 0.000000 -43.874023 26.986546 0.000000 
-18.863222 13.291519 0.000000 -38.582039 9.621748 0.000000 -43.870819 26.270964 0.000000 
-18.736279 12.271370 0.000000 -38.736980 8.528657 0.000000 -43.867615 25.555382 0.000000 
-18.609335 11.251221 0.000000 -38.891922 7.435566 0.000000 -43.864410 24.839800 0.000000 
-18.482391 10.231071 0.000000 -39.046864 6.342475 0.000000 -43.861206 24.124218 0.000000 
-18.355448 9.210922 0.000000 -39.201805 5.249384 0.000000 -43.858002 23.408636 0.000000 
-18.228504 8.190773 0.000000 -39.353703 5.636744 0.000000 -43.854797 22.693054 0.000000 
-18.101561 7.170624 0.000000 -39.504078 6.729835 0.000000 -43.851593 21.977472 0.000000 
-17.974617 6.150475 0.000000 -39.654453 7.822926 0.000000 -43.848389 21.261890 0.000000 
-17.847673 5.130325 0.000000 -39.804829 8.916017 0.000000 -43.845184 20.546309 0.000000 
-17.741386 5.759497 0.000000 -39.955204 10.009108 0.000000 -43.841980 19.830727 0.000000 
-17.635099 6.388669 0.000000 -39.888382 10.515603 0.000000 -43.852562 20.152765 0.000000 
-17.528812 7.017841 0.000000 -39.430847 9.951077 0.000000 -43.366566 20.617430 0.000000 
-17.422525 7.647013 0.000000 -38.973312 9.386552 0.000000 -42.880569 21.082094 0.000000 
-17.316238 8.276184 0.000000 -38.515778 8.822026 0.000000 -42.394573 21.546759 0.000000 
-17.209951 8.905354 0.000000 -38.058243 8.257501 0.000000 -41.908577 22.011423 0.000000 
-17.103664 9.534525 0.000000 -37.600708 7.692975 0.000000 -41.422581 22.476088 0.000000 
-16.997377 10.163695 0.000000 -37.143173 7.128449 0.000000 -40.936584 22.940752 0.000000 
-16.891090 10.792866 0.000000 -36.685638 6.563924 0.000000 -40.450588 23.405416 0.000000 
-16.784803 11.422036 0.000000 -36.228104 5.999398 0.000000 -39.964592 23.870081 0.000000 
-16.678516 12.051207 0.000000 -35.770569 5.434873 0.000000 -39.478596 24.334745 0.000000 
-16.572229 12.680377 0.000000 -35.392490 5.188175 0.000000 -38.992599 24.799410 0.000000 
-16.465942 13.309547 0.000000 -35.173325 5.577134 0.000000 -38.506603 25.264074 0.000000 
-16.359655 13.938718 0.000000 -34.954159 5.966093 0.000000 -38.020607 25.728739 0.000000 
-16.253368 14.567888 0.000000 -34.734993 6.355052 0.000000 -37.534611 26.193403 0.000000 
-16.147081 15.197059 0.000000 -34.515827 6.744011 0.000000 -37.048615 26.658068 0.000000 
-16.040794 15.826230 0.000000 -34.296661 7.132970 0.000000 -36.562618 27.122732 0.000000 
-15.934507 16.455402 0.000000 -34.077496 7.521929 0.000000 -36.076622 27.587397 0.000000 
-15.828220 17.084576 0.000000 -33.858330 7.910888 0.000000 -35.590626 28.052061 0.000000 
-15.721933 17.713749 0.000000 -33.639164 8.299847 0.000000 -35.104630 28.516726 0.000000 
-15.615646 18.342922 0.000000 -33.419998 8.688806 0.000000 -34.618633 28.981390 0.000000 
-15.509359 18.972095 0.000000 -33.200832 9.077765 0.000000 -34.132637 29.446054 0.000000 
-15.403072 19.601269 0.000000 -32.981667 9.466723 0.000000 -33.646641 29.910719 0.000000 
-15.296785 20.230442 0.000000 -32.762501 9.855682 0.000000 -33.160645 30.375383 0.000000 
